<?xml version="1.0" encoding="UTF-8"?>
<!-- Generated by org.testng.reporters.JUnitReportReporter -->
<testsuite hostname="GS-4656" failures="0" tests="1" name="restassured.Restsample" time="3.031" errors="0" timestamp="2021-05-31T20:43:58 IST" skipped="0">
  <testcase classname="restassured.Restsample" name="testdelete" time="3.031"/>
  <system-out/>
</testsuite> <!-- restassured.Restsample -->
