<?xml version="1.0" encoding="UTF-8"?>
<!-- Generated by org.testng.reporters.JUnitReportReporter -->
<testsuite skipped="0" hostname="LT0021232" name="com.qa.JiraAPI.Jira_Login" tests="1" failures="0" timestamp="24 Sep 2018 09:41:39 GMT" time="19.563" errors="0">
  <testcase name="JIRAProject_Creation" time="19.563" classname="com.qa.JiraAPI.Jira_Login"/>
</testsuite> <!-- com.qa.JiraAPI.Jira_Login -->
