<?xml version="1.0" encoding="UTF-8"?>
<!-- Generated by org.testng.reporters.JUnitReportReporter -->
<testsuite hostname="GS-4656" failures="0" tests="1" name="com.test.project.testclass" time="10.465" errors="0" timestamp="2020-12-21T21:09:14 IST" skipped="0">
  <testcase classname="com.test.project.testclass" name="login" time="10.465"/>
  <system-out/>
</testsuite> <!-- com.test.project.testclass -->
