<?xml version="1.0" encoding="UTF-8"?>
<!-- Generated by org.testng.reporters.JUnitReportReporter -->
<testsuite skipped="0" hostname="LT0021232" name="com.qa.testcase.GoogelAPI_IncompelteAddress" tests="1" failures="0" timestamp="20 Sep 2018 07:33:24 GMT" time="29.240" errors="0">
  <testcase name="IncompleteAddr" time="29.240" classname="com.qa.testcase.GoogelAPI_IncompelteAddress"/>
</testsuite> <!-- com.qa.testcase.GoogelAPI_IncompelteAddress -->
