<?xml version="1.0" encoding="UTF-8"?>
<!-- Generated by org.testng.reporters.JUnitReportReporter -->
<testsuite skipped="0" hostname="LT0021232" name="com.qa.TwitterOathAPI.Tweet" tests="3" failures="0" timestamp="26 Sep 2018 05:27:49 GMT" time="23.765" errors="0">
  <testcase name="createTweet" time="1.945" classname="com.qa.TwitterOathAPI.Tweet"/>
  <testcase name="E2E" time="20.107" classname="com.qa.TwitterOathAPI.Tweet"/>
  <testcase name="getLatestTweet" time="1.713" classname="com.qa.TwitterOathAPI.Tweet"/>
</testsuite> <!-- com.qa.TwitterOathAPI.Tweet -->
