<?xml version="1.0" encoding="UTF-8"?>
<!-- Generated by org.testng.reporters.JUnitReportReporter -->
<testsuite skipped="0" hostname="LT0021232" name="com.qa.JiraAPI.JIRA_ProjectIssue" tests="10" failures="0" timestamp="26 Sep 2018 07:36:28 GMT" time="7.377" errors="0">
  <testcase name="CreateIssue" time="1.770" classname="com.qa.JiraAPI.JIRA_ProjectIssue"/>
  <testcase name="AssignIssue" time="0.972" classname="com.qa.JiraAPI.JIRA_ProjectIssue"/>
  <testcase name="CreateComment" time="1.055" classname="com.qa.JiraAPI.JIRA_ProjectIssue"/>
  <testcase name="UpdateComment" time="0.840" classname="com.qa.JiraAPI.JIRA_ProjectIssue"/>
  <testcase name="RemoveWatcher" time="0.530" classname="com.qa.JiraAPI.JIRA_ProjectIssue"/>
  <testcase name="AddWatcher" time="0.516" classname="com.qa.JiraAPI.JIRA_ProjectIssue"/>
  <testcase name="GetWatcher" time="0.500" classname="com.qa.JiraAPI.JIRA_ProjectIssue"/>
  <testcase name="AddVote" time="0.247" classname="com.qa.JiraAPI.JIRA_ProjectIssue"/>
  <testcase name="RemoveComment" time="0.617" classname="com.qa.JiraAPI.JIRA_ProjectIssue"/>
  <testcase name="RemoveIssue" time="0.330" classname="com.qa.JiraAPI.JIRA_ProjectIssue"/>
</testsuite> <!-- com.qa.JiraAPI.JIRA_ProjectIssue -->
