<?xml version="1.0" encoding="UTF-8"?>
<!-- Generated by org.testng.reporters.JUnitReportReporter -->
<testsuite skipped="0" hostname="LT0021232" name="com.qa.TwitterOathAPI.NewTest" tests="1" failures="0" timestamp="26 Sep 2018 07:17:15 GMT" time="13.845" errors="0">
  <testcase name="CreateDeleteTweet" time="13.845" classname="com.qa.TwitterOathAPI.NewTest"/>
</testsuite> <!-- com.qa.TwitterOathAPI.NewTest -->
