<?xml version="1.0" encoding="UTF-8"?>
<!-- Generated by org.testng.reporters.JUnitReportReporter -->
<testsuite skipped="0" hostname="LT0021232" name="com.qa.TwitterOathAPI.TwitterTest" tests="1" failures="0" timestamp="26 Sep 2018 07:30:37 GMT" time="20.129" errors="0">
  <testcase name="CreateTweet" time="20.129" classname="com.qa.TwitterOathAPI.TwitterTest"/>
</testsuite> <!-- com.qa.TwitterOathAPI.TwitterTest -->
