<?xml version="1.0" encoding="UTF-8"?>
<!-- Generated by org.testng.reporters.JUnitReportReporter -->
<testsuite skipped="0" hostname="LT0021232" name="com.qa.testcase.GoogelAPISearchForNearByResturtant" tests="2" failures="0" timestamp="20 Sep 2018 07:34:58 GMT" time="33.675" errors="0">
  <testcase name="SerachResturtant" time="31.653" classname="com.qa.testcase.GoogelAPISearchForNearByResturtant"/>
  <testcase name="ExtractPlaceId" time="2.022" classname="com.qa.testcase.GoogelAPISearchForNearByResturtant"/>
</testsuite> <!-- com.qa.testcase.GoogelAPISearchForNearByResturtant -->
