<?xml version="1.0" encoding="UTF-8"?>
<!-- Generated by org.testng.reporters.JUnitReportReporter -->
<testsuite skipped="0" hostname="LT0021232" name="com.qa.JiraAPI.JIRA_ProjectIssue" tests="10" failures="0" timestamp="26 Sep 2018 07:45:55 GMT" time="10.677" errors="0">
  <testcase name="CreateIssue" time="2.223" classname="com.qa.JiraAPI.JIRA_ProjectIssue"/>
  <testcase name="AssignIssue" time="1.063" classname="com.qa.JiraAPI.JIRA_ProjectIssue"/>
  <testcase name="CreateComment" time="0.993" classname="com.qa.JiraAPI.JIRA_ProjectIssue"/>
  <testcase name="UpdateComment" time="1.662" classname="com.qa.JiraAPI.JIRA_ProjectIssue"/>
  <testcase name="RemoveWatcher" time="1.388" classname="com.qa.JiraAPI.JIRA_ProjectIssue"/>
  <testcase name="AddWatcher" time="0.795" classname="com.qa.JiraAPI.JIRA_ProjectIssue"/>
  <testcase name="GetWatcher" time="1.006" classname="com.qa.JiraAPI.JIRA_ProjectIssue"/>
  <testcase name="AddVote" time="0.335" classname="com.qa.JiraAPI.JIRA_ProjectIssue"/>
  <testcase name="RemoveComment" time="0.634" classname="com.qa.JiraAPI.JIRA_ProjectIssue"/>
  <testcase name="RemoveIssue" time="0.578" classname="com.qa.JiraAPI.JIRA_ProjectIssue"/>
</testsuite> <!-- com.qa.JiraAPI.JIRA_ProjectIssue -->
