<?xml version="1.0" encoding="UTF-8"?>
<!-- Generated by org.testng.reporters.JUnitReportReporter -->
<testsuite skipped="0" hostname="LT0021232" name="com.qa.JiraAPI.JIRA_ProjectTest" tests="3" failures="0" timestamp="26 Sep 2018 07:45:55 GMT" time="45.709" errors="0">
  <testcase name="JIRAProjectCreation" time="40.114" classname="com.qa.JiraAPI.JIRA_ProjectTest"/>
  <testcase name="UpdateProject" time="1.499" classname="com.qa.JiraAPI.JIRA_ProjectTest"/>
  <testcase name="DeleteProject" time="4.096" classname="com.qa.JiraAPI.JIRA_ProjectTest"/>
</testsuite> <!-- com.qa.JiraAPI.JIRA_ProjectTest -->
